1
1
1
1
obiekt: 1 utworzono: 1617880935
obiekt: 1 utworzono: 1617880945
obiekt: 1 utworzono: 1617880992
obiekt: 2 utworzono: 1617880992
obiekt: 1 utworzono 1617881233
obiekt: 2 utworzono 1617881233
obiekt: 1 usunieto 1617881233
obiekt: 2 usunieto 1617881233
obiekt: 1 utworzono 1617881324
obiekt: 2 utworzono 1617881324
obiekt: 1 usunieto 1617881327
obiekt: 2 usunieto 1617881327
obiekt: 1 utworzono 13:36:24
obiekt: 2 utworzono 13:36:24
obiekt: 1 usunieto 13:36:29
obiekt: 2 usunieto 13:36:29
obiekt: 1 utworzono 13:49:35; po 0 s. od uruchomienia programu
obiekt: 2 utworzono 13:49:36; po 1 s. od uruchomienia programu
obiekt: 1 usunieto 13:49:37; istnial 2 s.
obiekt: 2 usunieto 13:49:38; istnial 2 s.
obiekt: 1 utworzono 13:50:3; po 0 s. od uruchomienia programu
obiekt: 2 utworzono 13:50:6; po 3 s. od uruchomienia programu
obiekt: 1 usunieto 13:50:12; istnial 9 s.
obiekt: 2 usunieto 13:50:16; istnial 10 s.
obiekt: 1 utworzono 12:50:36; po 0 s. od uruchomienia programu
obiekt: 2 utworzono 12:50:37; po 1 s. od uruchomienia programu
obiekt: 1 usunieto 12:50:38; istnial 2 s.
obiekt: 2 usunieto 12:50:38; istnial 1 s.
